

FATAL ERROR:  Out of memory - shutting down

08/21/2024 at 18:37:01.051  Drawing: E:\Personal\AUTOCAD\01_Repo\Square_ExtractData_CreateTable\TestDrawings\NewTest5_RedColor_NoRoad_NoItem_AreaMismatch_Final_Drawing_With_Table_Data.dwg
-------------


FATAL ERROR:  Out of memory - shutting down

08/21/2024 at 19:26:13.208  Drawing: E:\Personal\AUTOCAD\01_Repo\Square_ExtractData_CreateTable\TestDrawings\NewTest5_RedColor_NoRoad_NoItem_AreaMismatch_Final_Drawing_With_Table_Data.dwg
-------------


FATAL ERROR:  Out of memory - shutting down

08/21/2024 at 21:17:41.062  Drawing: E:\Personal\AUTOCAD\01_Repo\Square_ExtractData_CreateTable\TestDrawings\NewTest5_RedColor_NoRoad_NoItem_AreaMismatch_Final_Drawing_With_Table_Data.dwg
-------------


FATAL ERROR:  Out of memory - shutting down

11/21/2024 at 19:12:59.614  Drawing: E:\Personal\AUTOCAD\01_Repo\Square_ExtractData_CreateTable\TestDrawings\DPMS-GOLLAPADU-PLAN-7.dwg
-------------


FATAL ERROR:  Unhandled Access Violation Writing 0x0008 Exception at 575b6af4h

12/07/2024 at 15:20:39.811  Drawing: E:\Personal\AUTOCAD\01_Repo\Square_ExtractData_CreateTable\TestDrawings\DPMS-GOLLAPADU-PLAN-7_Issues_Added.dwg
-------------


FATAL ERROR:  Unhandled Access Violation Reading 0x0000 Exception at 67a55f15h

12/11/2024 at 20:03:34.432  Drawing: E:\Personal\AUTOCAD\05_Releases\Extractor\Latest_Version\V3.3.0\TestDrawings\NewTest5_RedColor_NoRoad_NoItem_AreaMismatch_Final_Drawing_With_Table_Data.dwg
-------------


FATAL ERROR:  Unhandled Access Violation Reading 0x0000 Exception at 67a338ffh

12/11/2024 at 22:31:14.099  Drawing: E:\Personal\AUTOCAD\05_Releases\Extractor\Latest_Version\V3.3.0\TestDrawings\NewTest5_RedColor_NoRoad_NoItem_AreaMismatch_Final_Drawing_With_Table_Data.dwg
-------------
